
Solve problem 'Transition{ 2020, 2030, 2050 }' with 580497 rows, 533151 columns, and 2349904 nonzeros.
Version identifier: 20.1.0.1 | 2021-04-07 | 3a818710c
CPXPARAM_Read_Scale                              -1
CPXPARAM_Preprocessing_Dual                      1
CPXPARAM_Read_DataCheck                          2
CPXPARAM_LPMethod                                4
CPXPARAM_Parallel                                -1
CPXPARAM_SolutionType                            1
CPXPARAM_Benders_Strategy                        -1
CPXPARAM_MultiObjective_Display                  0
CPXPARAM_MIP_Display                             0
CPXPARAM_MIP_Strategy_CallbackReducedLP          0
CPXPARAM_Barrier_Display                         2
CPXPARAM_TimeLimit                               2147483647
Legacy callback                                  cX
Warning: No variable names specified; indices start at 0.
CPLEX Warning  1044: Detected objective coefficient <= the value of CPX_PARAM_EPOPT at variable tech_use(PBU01_17,2030).
CPLEX Warning  1044: Detected objective coefficient <= the value of CPX_PARAM_EPOPT at variable tech_use(PIT01_16,2020).
CPLEX Warning  1044: Detected objective coefficient <= the value of CPX_PARAM_EPOPT at variable deltaQd_UP(1,PBN01_16,2050).
CPLEX Warning  1044: Detected objective coefficient <= the value of CPX_PARAM_EPOPT at variable deltaQd_UP(1,PBU01_19,2020).
CPLEX Warning  1044: Detected objective coefficient <= the value of CPX_PARAM_EPOPT at variable deltaQd_UP(1,PBU01_19,2030).
CPLEX Warning  1044: Detected objective coefficient <= the value of CPX_PARAM_EPOPT at variable deltaQd_UP(1,PBU01_19,2050).
CPLEX Warning  1044: Detected objective coefficient <= the value of CPX_PARAM_EPOPT at variable deltaQd_UP(1,PBU01_20,2030).
CPLEX Warning  1044: Detected objective coefficient <= the value of CPX_PARAM_EPOPT at variable deltaQd_UP(1,PBU01_20,2050).
CPLEX Warning  1044: Detected objective coefficient <= the value of CPX_PARAM_EPOPT at variable deltaQd_UP(1,PBT01_12,2020).
CPLEX Warning  1044: Detected objective coefficient <= the value of CPX_PARAM_EPOPT at variable deltaQd_UP(1,PBT01_12,2030).
CPLEX Warning  1044: Too many warnings of this type have been detected.  All further warnings of this type will be ignored.
CPLEX Warning  1036: Decimal part of coefficient for variable cap_investments(PBN01_03,2030) in objective looks like 29/40 in single precision.
CPLEX Warning  1036: Decimal part of coefficient for variable cap_investments(PBN01_04,2030) in objective looks like 29/40 in single precision.
CPLEX Warning  1036: Decimal part of coefficient for variable cap_investments(PBN01_07,2030) in objective looks like 3/10 in single precision.
CPLEX Warning  1036: Decimal part of coefficient for variable cap_investments(PBN01_08,2020) in objective looks like 29/40 in single precision.
CPLEX Warning  1036: Decimal part of coefficient for variable cap_investments(PBN01_08,2030) in objective looks like 9/20 in single precision.
CPLEX Warning  1036: Decimal part of coefficient for variable cap_investments(PBN01_08,2050) in objective looks like 29/40 in single precision.
CPLEX Warning  1036: Decimal part of coefficient for variable cap_investments(PBN01_09,2020) in objective looks like 33/40 in single precision.
CPLEX Warning  1036: Decimal part of coefficient for variable cap_investments(PBN01_09,2050) in objective looks like 31/40 in single precision.
CPLEX Warning  1036: Decimal part of coefficient for variable cap_investments(PBN01_12,2050) in objective looks like 7/80 in single precision.
CPLEX Warning  1036: Decimal part of coefficient for variable cap_investments(PBN01_13,2020) in objective looks like 9/20 in single precision.
CPLEX Warning  1036: Too many warnings of this type have been detected.  All further warnings of this type will be ignored.
Warning: No constraint names specified; indices start at 0.
CPLEX Warning  1047: Decimal part of coefficients in constraint balanceY_deltaQd(PBN01_16,2050) are fractions and can be scaled with 3/1.
CPLEX Warning  1047: Decimal part of coefficients in constraint balanceY_deltaQd(PBU01_19,2020) are fractions and can be scaled with 17/1.
CPLEX Warning  1047: Decimal part of coefficients in constraint balanceY_deltaQd(PBU01_19,2030) are fractions and can be scaled with 17/1.
CPLEX Warning  1047: Decimal part of coefficients in constraint balanceY_deltaQd(PBU01_19,2050) are fractions and can be scaled with 17/1.
CPLEX Warning  1047: Decimal part of coefficients in constraint balanceY_deltaQd(PBU01_20,2030) are fractions and can be scaled with 3/1.
CPLEX Warning  1047: Decimal part of coefficients in constraint balanceY_deltaQd(PBU01_20,2050) are fractions and can be scaled with 3/1.
CPLEX Warning  1047: Decimal part of coefficients in constraint balanceY_deltaQd(PBT01_12,2020) are fractions and can be scaled with 17/1.
CPLEX Warning  1047: Decimal part of coefficients in constraint balanceY_deltaQd(PBT01_12,2030) are fractions and can be scaled with 17/1.
CPLEX Warning  1047: Decimal part of coefficients in constraint balanceY_deltaQd(PBT01_12,2050) are fractions and can be scaled with 17/1.
CPLEX Warning  1047: Decimal part of coefficients in constraint balanceY_deltaQd(PBT01_13,2050) are fractions and can be scaled with 3/1.
CPLEX Warning  1047: Too many warnings of this type have been detected.  All further warnings of this type will be ignored.
CPLEX Warning  1050: variable techStock(PBN01_12,2030) has almost equal coefficients for rows constraint capacity_techHourly(55,PBN01_12,2030) and constraint capacity_techHourly(194,PBN01_12,2030).
CPLEX Warning  1050: variable techStock(PBN01_12,2030) has almost equal coefficients for rows constraint capacity_techHourly(106,PBN01_12,2030) and constraint capacity_techHourly(290,PBN01_12,2030).
CPLEX Warning  1050: variable techStock(PBN01_12,2030) has almost equal coefficients for rows constraint capacity_techHourly(20,PBN01_12,2030) and constraint capacity_techHourly(90,PBN01_12,2030).
CPLEX Warning  1050: variable techStock(PBN01_12,2050) has almost equal coefficients for rows constraint capacity_techHourly(55,PBN01_12,2050) and constraint capacity_techHourly(194,PBN01_12,2050).
CPLEX Warning  1050: variable techStock(PBN01_12,2050) has almost equal coefficients for rows constraint capacity_techHourly(106,PBN01_12,2050) and constraint capacity_techHourly(290,PBN01_12,2050).
CPLEX Warning  1050: variable techStock(PBN01_12,2050) has almost equal coefficients for rows constraint capacity_techHourly(20,PBN01_12,2050) and constraint capacity_techHourly(90,PBN01_12,2050).
CPLEX Warning  1050: variable techStock(PBN01_13,2050) has almost equal coefficients for rows constraint capacity_techHourly(93,PBN01_13,2050) and constraint capacity_techHourly(262,PBN01_13,2050).
CPLEX Warning  1050: variable techStock(PBN01_14,2030) has almost equal coefficients for rows constraint capacity_techHourly(5,PBN01_14,2030) and constraint capacity_techHourly(302,PBN01_14,2030).
CPLEX Warning  1050: variable techStock(PBN01_14,2030) has almost equal coefficients for rows constraint capacity_techHourly(70,PBN01_14,2030) and constraint capacity_techHourly(289,PBN01_14,2030).
CPLEX Warning  1050: variable techStock(PBN01_14,2030) has almost equal coefficients for rows constraint capacity_techHourly(55,PBN01_14,2030) and constraint capacity_techHourly(71,PBN01_14,2030).
CPLEX Warning  1050: Too many warnings of this type have been detected.  All further warnings of this type will be ignored.
CPLEX Warning  1056: the righthand side vector has almost equal coefficients for constraint techStock_definition(EIM06_02,2030) and constraint techStock_definition(EIM19_01,2030).
CPLEX Warning  1056: the righthand side vector has almost equal coefficients for constraint techStock_definition(EIM06_01,2030) and constraint techStock_definition(EIM16_02,2030).
CPLEX Warning  1056: the righthand side vector has almost equal coefficients for constraint rampingUP_techHourly(348,PSK01_02,2020) and constraint rampingDW_techHourly(364,PSK01_01,2020).
CPLEX Warning  1056: the righthand side vector has almost equal coefficients for constraint deltaW_S_definition(176,PDE01_17,2020) and constraint deltaW_S_definition(203,PPL01_15,2020).
CPLEX Warning  1056: the righthand side vector has almost equal coefficients for constraint rampingUP_techHourly(1,PSE01_01,2020) and constraint rampingDW_techHourly(346,PDK01_02,2020).
CPLEX Warning  1056: the righthand side vector has almost equal coefficients for constraint rampingUP_techHourly(347,PDK01_02,2020) and constraint rampingDW_techHourly(347,PNL01_05,2020).
CPLEX Warning  1056: the righthand side vector has almost equal coefficients for constraint rampingUP_techHourly(365,PSE01_01,2020) and constraint rampingDW_techHourly(365,PDK01_02,2020).
CPLEX Warning  1056: the righthand side vector has almost equal coefficients for constraint balance_activitiesHourly(223,Electricity DK,2020) and constraint balance_activitiesHourly(235,Electricity DK,2020).
CPLEX Warning  1056: the righthand side vector has almost equal coefficients for constraint balance_activitiesHourly(258,Electricity IE,2020) and constraint balance_activitiesHourly(264,Electricity IE,2020).
CPLEX Warning  1056: the righthand side vector has almost equal coefficients for constraint balance_activitiesHourly(181,Electricity BN,2020) and constraint balance_activitiesHourly(238,Electricity BN,2020).
CPLEX Warning  1056: Too many warnings of this type have been detected.  All further warnings of this type will be ignored.
CPLEX Warning  1062: Detected objective coefficients that may be suited for multiobjective optimization.
Tried aggregator 1 time.
LP Presolve eliminated 2162 rows and 8144 columns.
Aggregator did 1986 substitutions.
Reduced LP has 523040 rows, 1102064 columns, and 2805395 nonzeros.
Presolve time = 1.78 sec. (991.35 ticks)
Parallel mode: using up to 12 threads for barrier.
Looking for dense columns with more than 126 nonzeros.

***NOTE: Found 965 dense columns.

Number of nonzeros in lower triangle of A*A' = 7201881
Using Nested Dissection ordering
Total time for automatic ordering = 18.56 sec. (23962.63 ticks)
Summary statistics for Cholesky factor:
  Threads                   = 12
  Rows in Factor            = 524005
  Integer space required    = 3871773
  Total non-zeros in factor = 108234098
  Total FP ops to factor    = 80930294494
L has 72124 super-nodes.
Histogram of super-node widths:
SupWidth:      1      2      3      4      5      6      7      8      9
  Number:   5098  16343   6572   5610   4427   4317   3055   5781   6861

SupWidth:     10     11     12     13     14     15     16     17     18
  Number:   5560   2602   1438    674    272    109    254    111    815

SupWidth:     19     20     21     22     23     24     25     26     27
  Number:     63    199     74    122     58    144     69    113     82

SupWidth:     28     29     30     31     32     33     34     35     36
  Number:     99     42     57     31     67     24     44     14     35

SupWidth:     37     38     39     40     41     42     43     44     45
  Number:     27     35     16     31     19     18     14     18      8

SupWidth:     46     47     48     49     50     51     52     53     54
  Number:     15      7     15      9     13      9     10     10      8

SupWidth:     55     56     57     58     59     60     61     62     63
  Number:      6      9     11     12      1      8      4      4     14

SupWidth:     64     65     66     67     68     69     70     71     72
  Number:      9      4      3      4     15      6      7      3      9

SupWidth:     73     74     75     76     77     78     79     80     81
  Number:      7      1      5      5      7      7      3      4      4

SupWidth:     82     83     84     85     86     87     88     89     90
  Number:      2      6      7      4      4      6      8      1      9

SupWidth:     91     92     93     94     95     96     97     98     99
  Number:      5      6      4      4      2      5      4      4      1

SupWidth:    100    101    102    103    104    105    106    107    108
  Number:     10      1      6      3      9      2      4      5      8

SupWidth:    109    110    111    112    113    114    115    116    117
  Number:      4      7      2      6      5      4      1      5      4

SupWidth:    118    119    120    121    122    123    124    125    126
  Number:      4      3      9      4      4      1      1      2      3

SupWidth:    127    128    129    130    131    132    133    134    136
  Number:      2      7      1      3      1      5      4      2      4

SupWidth:    137    138    139    140    141    142    143    144    146
  Number:      1      7      3      3      1      1      1      7      6

SupWidth:    147    148    149    150    151    152    154    156    158
  Number:      3      1      3      2      2      5      4      3      2

SupWidth:    159    161    163    164    165    166    167    170    173
  Number:      1      1      1      2      1      4      1      3      2

SupWidth:    176    178    179    180    182    183    184    185    186
  Number:      3      2      1      2      2      2      2      1      2

SupWidth:    187    188    190    191    194    196    201    206    209
  Number:      3      3      1      2      1      1      2      1      2

SupWidth:    212    214    215    216    220    221    224    225    226
  Number:      1      1      2      1      1      1      1      1      2

SupWidth:    227    228    229    234    236    237    238    239    244
  Number:      1      3      1      1      1      1      1      1      2

SupWidth:    245    246    248    249    250    253    255    256    257
  Number:      2      3      1      1      1      1      1      1      1

SupWidth:    258    261    262    264    265    268    269    270    274
  Number:      1      1      1      2      1      1      1      1      1

SupWidth:    275    276    279    280    288    289    290    292    293
  Number:      1      2      2      1      2      1      1      1      1

SupWidth:    295    298    300    301    304    311    314    316    318
  Number:      1      1      1      1      1      1      2      1      2

SupWidth:    321    328    330    333    339    341    346    347    355
  Number:      1      1      1      1      1      1      1      1      2

SupWidth:    358    360    365    366    369    373    377    379    381
  Number:      1      2      1      1      1      1      1      1      1

SupWidth:    383    384    386    399    403    414    416    420    454
  Number:      1      1      1      1      1      1      1      1      1

SupWidth:    519    528    557    619    965
  Number:      1      1      1      1      1

       1.36s (1877.79 ticks) for iteration (1.23s, 65600 Mflops for lin. solve)
Max number of central corrections is 0
 Itn      Primal Obj        Dual Obj  Prim Inf Upper Inf  Dual Inf Inf Ratio
   0  -8.5941330e+06   4.7762679e+07  7.72e+06  1.79e+03  1.54e+09  1.00e+00
       1.42s (1229.35 ticks) for iteration (1.23s, 65600 Mflops for lin. solve)
Refinement - orig 3.01e-07, refined 3.01e-07, target 3.10e+08, 0 iter
   1  -8.7937100e+06   4.7102514e+07  7.65e+06  1.77e+03  1.53e+09  1.90e-02
       1.63s (1437.16 ticks) for iteration (1.23s, 65600 Mflops for lin. solve)
Refinement - orig 2.44e-07, refined 2.44e-07, target 3.08e+08, 0 iter
   2  -9.1735715e+06   4.5707635e+07  7.50e+06  1.74e+03  1.50e+09  6.24e-03
       1.84s (1437.16 ticks) for iteration (1.38s, 58873 Mflops for lin. solve)
Refinement - orig 1.75e-07, refined 1.75e-07, target 3.02e+08, 0 iter
   3  -9.7473648e+06   4.3145814e+07  7.25e+06  1.68e+03  1.45e+09  2.85e-03
       1.69s (1437.16 ticks) for iteration (1.28s, 63144 Mflops for lin. solve)
Refinement - orig 1.22e-07, refined 1.22e-07, target 2.92e+08, 0 iter
   4  -9.9520851e+06   4.0663245e+07  7.14e+06  1.65e+03  1.40e+09  2.00e-03
       1.59s (1437.16 ticks) for iteration (1.20s, 67290 Mflops for lin. solve)
Refinement - orig 1.08e-07, refined 1.08e-07, target 2.82e+08, 0 iter
   5  -1.0039811e+07   3.9799852e+07  7.10e+06  1.64e+03  1.38e+09  1.82e-03
       1.77s (1448.56 ticks) for iteration (1.33s, 60956 Mflops for lin. solve)
Refinement - orig 7.93e-08, refined 7.93e-08, target 2.78e+08, 0 iter
   6  -1.0384412e+07   3.7974696e+07  6.93e+06  1.60e+03  1.35e+09  1.50e-03
       1.66s (1437.16 ticks) for iteration (1.28s, 63193 Mflops for lin. solve)
Refinement - orig 7.11e-08, refined 7.11e-08, target 2.70e+08, 0 iter
   7  -1.0533819e+07   3.7499196e+07  6.87e+06  1.59e+03  1.34e+09  1.42e-03
       1.59s (1437.16 ticks) for iteration (1.17s, 69070 Mflops for lin. solve)
Refinement - orig 6.81e-08, refined 6.81e-08, target 2.69e+08, 0 iter
   8  -1.0755737e+07   3.5379534e+07  6.76e+06  1.57e+03  1.29e+09  1.23e-03
       1.69s (1437.16 ticks) for iteration (1.20s, 67290 Mflops for lin. solve)
Refinement - orig 4.42e-08, refined 4.42e-08, target 2.60e+08, 0 iter
   9  -1.1442265e+07   3.3596606e+07  6.38e+06  1.48e+03  1.25e+09  1.03e-03
       1.70s (1437.16 ticks) for iteration (1.30s, 62413 Mflops for lin. solve)
Refinement - orig 4.64e-08, refined 4.64e-08, target 2.52e+08, 0 iter
  10  -1.1841474e+07   2.8058317e+07  6.11e+06  1.41e+03  1.13e+09  8.55e-04
       1.70s (1448.56 ticks) for iteration (1.31s, 61653 Mflops for lin. solve)
Refinement - orig 2.55e-08, refined 2.55e-08, target 2.27e+08, 0 iter
  11  -1.1944706e+07   2.6932518e+07  6.05e+06  1.40e+03  1.11e+09  8.30e-04
       1.64s (1437.16 ticks) for iteration (1.28s, 63193 Mflops for lin. solve)
Refinement - orig 2.40e-08, refined 2.40e-08, target 2.22e+08, 0 iter
  12  -1.2268442e+07   2.2787615e+07  5.80e+06  1.34e+03  1.01e+09  7.63e-04
       1.52s (1437.16 ticks) for iteration (1.16s, 70026 Mflops for lin. solve)
Refinement - orig 1.95e-08, refined 1.95e-08, target 2.03e+08, 0 iter
  13  -1.2575670e+07   2.1361480e+07  5.58e+06  1.29e+03  9.77e+08  7.26e-04
       1.63s (1437.16 ticks) for iteration (1.23s, 65600 Mflops for lin. solve)
Refinement - orig 1.64e-08, refined 1.64e-08, target 1.96e+08, 0 iter
  14  -1.4328635e+07   1.5942862e+07  4.23e+06  9.78e+02  8.50e+08  5.67e-04
       1.70s (1437.16 ticks) for iteration (1.27s, 63942 Mflops for lin. solve)
Refinement - orig 2.21e-08, refined 2.21e-08, target 1.71e+08, 0 iter
  15  -1.5825893e+07   9.8572541e+06  2.92e+06  6.77e+02  7.04e+08  4.91e-04
       1.70s (1448.56 ticks) for iteration (1.27s, 63992 Mflops for lin. solve)
Refinement - orig 4.27e-08, refined 4.27e-08, target 1.41e+08, 0 iter
  16  -1.6319385e+07   5.6727503e+06  2.58e+06  5.97e+02  6.06e+08  5.01e-04
       1.77s (1437.16 ticks) for iteration (1.30s, 62413 Mflops for lin. solve)
Refinement - orig 5.31e-08, refined 5.31e-08, target 1.22e+08, 0 iter
  17  -1.7717612e+07  -2.6201092e+06  1.59e+06  3.68e+02  4.10e+08  5.25e-04
       1.64s (1437.16 ticks) for iteration (1.20s, 67290 Mflops for lin. solve)
Refinement - orig 2.60e-07, refined 2.60e-07, target 8.23e+07, 0 iter
  18  -1.7424488e+07  -1.0276482e+07  6.50e+05  1.50e+02  1.95e+08  8.68e-04
       1.67s (1437.16 ticks) for iteration (1.23s, 65600 Mflops for lin. solve)
Refinement - orig 2.72e-07, refined 2.72e-07, target 3.92e+07, 0 iter
  19  -1.4284224e+07  -1.1191986e+07  2.70e+05  6.25e+01  9.45e+07  1.78e-03
       1.66s (1437.16 ticks) for iteration (1.20s, 67234 Mflops for lin. solve)
Refinement - orig 1.69e-07, refined 1.69e-07, target 1.90e+07, 0 iter
  20  -1.1092687e+07  -9.9476909e+06  1.20e+05  2.77e+01  5.01e+07  2.84e-03
       1.63s (1448.56 ticks) for iteration (1.22s, 66407 Mflops for lin. solve)
Refinement - orig 3.71e-07, refined 3.71e-07, target 1.00e+07, 0 iter
  21  -9.4687144e+06  -8.5409706e+06  8.75e+04  2.03e+01  3.56e+07  3.85e-03
       1.75s (1437.16 ticks) for iteration (1.33s, 60911 Mflops for lin. solve)
Refinement - orig 4.93e-07, refined 4.93e-07, target 7.15e+06, 0 iter
  22  -6.7524188e+06  -7.4248961e+06  4.66e+04  1.08e+01  2.75e+07  5.37e-03
       1.78s (1437.16 ticks) for iteration (1.30s, 62413 Mflops for lin. solve)
Refinement - orig 6.11e-07, refined 6.11e-07, target 5.51e+06, 0 iter
  23  -5.3788786e+06  -6.3778212e+06  2.96e+04  6.85e+00  2.10e+07  7.17e-03
       1.67s (1437.16 ticks) for iteration (1.28s, 63144 Mflops for lin. solve)
Refinement - orig 9.09e-07, refined 9.09e-07, target 4.21e+06, 0 iter
  24  -4.3952494e+06  -5.8053610e+06  2.01e+04  4.64e+00  1.80e+07  8.75e-03
       1.75s (1437.16 ticks) for iteration (1.31s, 61653 Mflops for lin. solve)
Refinement - orig 1.22e-06, refined 1.22e-06, target 3.61e+06, 0 iter
  25  -3.5874736e+06  -5.3274441e+06  1.36e+04  3.15e+00  1.58e+07  1.06e-02
       1.69s (1448.56 ticks) for iteration (1.20s, 67290 Mflops for lin. solve)
Refinement - orig 1.27e-06, refined 1.27e-06, target 3.17e+06, 0 iter
  26  -2.9772220e+06  -4.3669682e+06  8.87e+03  2.05e+00  1.15e+07  1.48e-02
       1.69s (1437.16 ticks) for iteration (1.24s, 65547 Mflops for lin. solve)
Refinement - orig 1.67e-06, refined 1.67e-06, target 2.30e+06, 0 iter
  27  -2.5642514e+06  -3.9538907e+06  6.57e+03  1.52e+00  9.89e+06  1.78e-02
       1.66s (1437.16 ticks) for iteration (1.25s, 64760 Mflops for lin. solve)
Refinement - orig 1.97e-06, refined 1.97e-06, target 1.98e+06, 0 iter
  28  -2.2485121e+06  -3.0159896e+06  5.07e+03  1.17e+00  6.54e+06  2.64e-02
       1.67s (1437.16 ticks) for iteration (1.28s, 63193 Mflops for lin. solve)
Refinement - orig 2.55e-06, refined 2.55e-06, target 1.31e+06, 0 iter
  29  -1.7882584e+06  -2.2139060e+06  3.57e+03  8.27e-01  4.29e+06  4.07e-02
       1.70s (1437.16 ticks) for iteration (1.28s, 63193 Mflops for lin. solve)
Refinement - orig 3.06e-06, refined 3.06e-06, target 8.59e+05, 0 iter
  30  -1.4447601e+06  -1.8418494e+06  2.70e+03  6.24e-01  3.42e+06  5.28e-02
       1.81s (1448.56 ticks) for iteration (1.33s, 60956 Mflops for lin. solve)
Refinement - orig 3.51e-06, refined 3.51e-06, target 6.84e+05, 0 iter
  31  -1.3311867e+06  -1.5774703e+06  2.42e+03  5.61e-01  2.82e+06  6.31e-02
       1.72s (1437.16 ticks) for iteration (1.33s, 60956 Mflops for lin. solve)
Refinement - orig 3.42e-06, refined 3.42e-06, target 5.64e+05, 0 iter
  32  -1.0665641e+06  -1.3987229e+06  1.82e+03  4.22e-01  2.44e+06  7.67e-02
       1.88s (1437.16 ticks) for iteration (1.44s, 56333 Mflops for lin. solve)
Refinement - orig 3.26e-06, refined 3.26e-06, target 4.88e+05, 0 iter
  33  -9.4468692e+05  -1.2361121e+06  1.55e+03  3.59e-01  2.09e+06  9.05e-02
       1.64s (1437.16 ticks) for iteration (1.27s, 63942 Mflops for lin. solve)
Refinement - orig 3.18e-06, refined 3.18e-06, target 4.19e+05, 0 iter
  34  -7.8472675e+05  -9.3818872e+05  1.21e+03  2.81e-01  1.48e+06  1.28e-01
       1.70s (1437.16 ticks) for iteration (1.31s, 61653 Mflops for lin. solve)
Refinement - orig 3.76e-06, refined 3.76e-06, target 2.97e+05, 0 iter
  35  -7.1362485e+05  -8.1729877e+05  1.08e+03  2.50e-01  1.26e+06  1.51e-01
       1.66s (1448.56 ticks) for iteration (1.22s, 66407 Mflops for lin. solve)
Refinement - orig 7.12e-06, refined 7.12e-06, target 2.53e+05, 0 iter
  36  -6.3711640e+05  -6.6835143e+05  9.44e+02  2.19e-01  9.96e+05  1.90e-01
       1.92s (1437.16 ticks) for iteration (1.45s, 55712 Mflops for lin. solve)
Refinement - orig 5.60e-05, refined 5.60e-05, target 1.99e+05, 0 iter
  37  -5.5903009e+05  -5.7229337e+05  8.12e+02  1.88e-01  8.33e+05  2.29e-01
       1.69s (1437.16 ticks) for iteration (1.27s, 63942 Mflops for lin. solve)
Refinement - orig 3.06e-05, refined 3.06e-05, target 1.67e+05, 0 iter
  38  -5.2834272e+05  -4.2015295e+05  7.62e+02  1.76e-01  5.85e+05  3.15e-01
       1.81s (1437.16 ticks) for iteration (1.41s, 57575 Mflops for lin. solve)
Refinement - orig 5.19e-05, refined 5.19e-05, target 1.17e+05, 0 iter
  39  -4.7623697e+05  -3.5067010e+05  6.83e+02  1.58e-01  4.81e+05  3.81e-01
       1.81s (1437.16 ticks) for iteration (1.41s, 57534 Mflops for lin. solve)
Refinement - orig 5.08e-05, refined 5.08e-05, target 9.64e+04, 0 iter
  40  -3.9854083e+05  -3.1706710e+05  5.67e+02  1.31e-01  4.33e+05  4.30e-01
       1.81s (1448.56 ticks) for iteration (1.41s, 57575 Mflops for lin. solve)
Refinement - orig 5.15e-05, refined 5.15e-05, target 8.67e+04, 0 iter
  41  -3.6031784e+05  -2.6628932e+05  5.11e+02  1.18e-01  3.61e+05  5.16e-01
       1.67s (1437.16 ticks) for iteration (1.25s, 64760 Mflops for lin. solve)
Refinement - orig 5.12e-05, refined 5.12e-05, target 7.22e+04, 0 iter
  42  -3.0523593e+05  -2.0996599e+05  4.33e+02  1.00e-01  2.84e+05  6.56e-01
       1.77s (1437.16 ticks) for iteration (1.33s, 60911 Mflops for lin. solve)
Refinement - orig 5.75e-05, refined 5.75e-05, target 5.70e+04, 0 iter
  43  -2.8448705e+05  -2.0037807e+05  4.06e+02  9.39e-02  2.73e+05  6.85e-01
       1.67s (1437.16 ticks) for iteration (1.22s, 66462 Mflops for lin. solve)
Refinement - orig 5.17e-05, refined 5.17e-05, target 5.46e+04, 0 iter
  44  -2.5430533e+05  -1.8346079e+05  3.66e+02  8.46e-02  2.52e+05  7.46e-01
       1.63s (1437.16 ticks) for iteration (1.23s, 65600 Mflops for lin. solve)
Refinement - orig 6.51e-05, refined 6.51e-05, target 5.04e+04, 0 iter
  45  -2.1985123e+05  -1.6495283e+05  3.21e+02  7.44e-02  2.30e+05  8.16e-01
       1.73s (1448.56 ticks) for iteration (1.33s, 60956 Mflops for lin. solve)
Refinement - orig 1.02e-04, refined 1.02e-04, target 4.61e+04, 0 iter
  46  -1.9593846e+05  -1.5039676e+05  2.92e+02  6.75e-02  2.14e+05  8.86e-01
       1.69s (1437.16 ticks) for iteration (1.28s, 63193 Mflops for lin. solve)
Refinement - orig 9.34e-05, refined 9.34e-05, target 4.28e+04, 0 iter
  47  -1.7235787e+05  -1.3904686e+05  2.62e+02  6.07e-02  2.01e+05  9.52e-01
       1.81s (1437.16 ticks) for iteration (1.38s, 58873 Mflops for lin. solve)
Refinement - orig 9.34e-05, refined 9.34e-05, target 4.02e+04, 0 iter
  48  -1.5596031e+05  -1.2640562e+05  2.42e+02  5.61e-02  1.87e+05  1.03e+00
       1.61s (1437.16 ticks) for iteration (1.23s, 65600 Mflops for lin. solve)
Refinement - orig 8.32e-05, refined 8.32e-05, target 3.74e+04, 0 iter
  49  -1.3773045e+05  -1.1488337e+05  2.20e+02  5.09e-02  1.74e+05  1.12e+00
       1.73s (1437.16 ticks) for iteration (1.31s, 61653 Mflops for lin. solve)
Refinement - orig 8.26e-05, refined 8.26e-05, target 3.49e+04, 0 iter
  50  -1.2347068e+05  -1.0500098e+05  2.03e+02  4.70e-02  1.63e+05  1.20e+00
       1.83s (1448.56 ticks) for iteration (1.41s, 57534 Mflops for lin. solve)
Refinement - orig 8.19e-05, refined 8.19e-05, target 3.27e+04, 0 iter
  51  -1.1069858e+05  -9.6639440e+04  1.88e+02  4.36e-02  1.55e+05  1.27e+00
       1.66s (1437.16 ticks) for iteration (1.25s, 64760 Mflops for lin. solve)
Refinement - orig 9.05e-05, refined 9.05e-05, target 3.10e+04, 0 iter
  52  -9.7240024e+04  -8.8049487e+04  1.73e+02  4.01e-02  1.46e+05  1.36e+00
       1.59s (1437.16 ticks) for iteration (1.22s, 66407 Mflops for lin. solve)
Refinement - orig 1.02e-04, refined 1.02e-04, target 2.92e+04, 0 iter
  53  -8.2376341e+04  -8.1065247e+04  1.57e+02  3.62e-02  1.39e+05  1.43e+00
       1.66s (1437.16 ticks) for iteration (1.23s, 65600 Mflops for lin. solve)
Refinement - orig 1.18e-04, refined 1.18e-04, target 2.78e+04, 0 iter
  54  -7.1655281e+04  -7.3184263e+04  1.45e+02  3.35e-02  1.31e+05  1.52e+00
       1.66s (1437.16 ticks) for iteration (1.25s, 64760 Mflops for lin. solve)
Refinement - orig 1.35e-04, refined 1.35e-04, target 2.63e+04, 0 iter
  55  -6.4964264e+04  -6.6741889e+04  1.38e+02  3.19e-02  1.25e+05  1.61e+00
       1.59s (1448.56 ticks) for iteration (1.17s, 69070 Mflops for lin. solve)
Refinement - orig 1.29e-04, refined 1.29e-04, target 2.51e+04, 0 iter
  56  -5.2421619e+04  -5.7566486e+04  1.25e+02  2.89e-02  1.17e+05  1.74e+00
       1.77s (1437.16 ticks) for iteration (1.33s, 60911 Mflops for lin. solve)
Refinement - orig 1.34e-04, refined 1.34e-04, target 2.34e+04, 0 iter
  57  -4.5369521e+04  -5.0590335e+04  1.17e+02  2.72e-02  1.10e+05  1.86e+00
       1.72s (1437.16 ticks) for iteration (1.31s, 61700 Mflops for lin. solve)
Refinement - orig 1.41e-04, refined 1.41e-04, target 2.21e+04, 0 iter
  58  -3.7665465e+04  -4.4063045e+04  1.10e+02  2.54e-02  1.04e+05  1.97e+00
       1.69s (1437.16 ticks) for iteration (1.22s, 66407 Mflops for lin. solve)
Refinement - orig 1.44e-04, refined 1.44e-04, target 2.09e+04, 0 iter
  59  -2.8463016e+04  -3.8827785e+04  1.01e+02  2.34e-02  9.99e+04  2.06e+00
       1.66s (1437.16 ticks) for iteration (1.22s, 66407 Mflops for lin. solve)
Refinement - orig 1.48e-04, refined 1.48e-04, target 2.00e+04, 0 iter
  60  -2.2577418e+04  -3.5467166e+04  9.55e+01  2.21e-02  9.71e+04  2.12e+00
       1.67s (1437.16 ticks) for iteration (1.27s, 63942 Mflops for lin. solve)
Refinement - orig 1.74e-04, refined 1.74e-04, target 1.94e+04, 0 iter
  61  -1.7604262e+04  -2.9693872e+04  9.09e+01  2.10e-02  9.22e+04  2.25e+00
       1.66s (1437.16 ticks) for iteration (1.28s, 63193 Mflops for lin. solve)
Refinement - orig 1.76e-04, refined 1.76e-04, target 1.85e+04, 0 iter
  62  -1.1840829e+04  -2.6891045e+04  8.57e+01  1.98e-02  8.99e+04  2.31e+00
       1.59s (1437.16 ticks) for iteration (1.23s, 65600 Mflops for lin. solve)
Refinement - orig 1.95e-04, refined 1.95e-04, target 1.80e+04, 0 iter
  63  -5.5468986e+03  -2.1325780e+04  8.00e+01  1.85e-02  8.54e+04  2.45e+00
       1.72s (1437.16 ticks) for iteration (1.27s, 63942 Mflops for lin. solve)
Refinement - orig 1.88e-04, refined 1.88e-04, target 1.71e+04, 0 iter
  64  -1.4922968e+03  -1.7395171e+04  7.64e+01  1.77e-02  8.22e+04  2.55e+00
       1.63s (1437.16 ticks) for iteration (1.22s, 66407 Mflops for lin. solve)
Refinement - orig 1.62e-04, refined 1.62e-04, target 1.65e+04, 0 iter
  65   3.7156879e+03  -1.2611658e+04  7.18e+01  1.66e-02  7.84e+04  2.69e+00
       1.67s (1437.16 ticks) for iteration (1.22s, 66407 Mflops for lin. solve)
Refinement - orig 1.82e-04, refined 1.82e-04, target 1.57e+04, 0 iter
  66   9.0491368e+03  -1.0035138e+04  6.73e+01  1.56e-02  7.64e+04  2.77e+00
       1.72s (1437.16 ticks) for iteration (1.28s, 63193 Mflops for lin. solve)
Refinement - orig 1.64e-04, refined 1.64e-04, target 1.53e+04, 0 iter
  67   1.3279065e+04  -6.6901885e+03  6.37e+01  1.47e-02  7.38e+04  2.88e+00
       1.81s (1437.16 ticks) for iteration (1.34s, 60231 Mflops for lin. solve)
Refinement - orig 1.48e-04, refined 1.48e-04, target 1.48e+04, 0 iter
  68   1.7705417e+04  -2.7943600e+03  5.99e+01  1.39e-02  7.08e+04  3.02e+00
       1.77s (1437.16 ticks) for iteration (1.33s, 60956 Mflops for lin. solve)
Refinement - orig 1.51e-04, refined 1.51e-04, target 1.42e+04, 0 iter
  69   2.0607295e+04   1.2501607e+03  5.75e+01  1.33e-02  6.77e+04  3.18e+00
       1.80s (1437.16 ticks) for iteration (1.30s, 62413 Mflops for lin. solve)
Refinement - orig 1.48e-04, refined 1.48e-04, target 1.35e+04, 0 iter
  70   2.4310446e+04   4.7838016e+03  5.45e+01  1.26e-02  6.50e+04  3.34e+00
       1.83s (1437.16 ticks) for iteration (1.36s, 59566 Mflops for lin. solve)
Refinement - orig 1.30e-04, refined 1.30e-04, target 1.30e+04, 0 iter
  71   2.5634056e+04   5.4940142e+03  5.33e+01  1.23e-02  6.44e+04  3.37e+00
       1.80s (1437.16 ticks) for iteration (1.26s, 63992 Mflops for lin. solve)
Refinement - orig 1.26e-04, refined 1.26e-04, target 1.29e+04, 0 iter
  72   2.7791291e+04   6.9622300e+03  5.15e+01  1.19e-02  6.33e+04  3.44e+00
       1.74s (1437.16 ticks) for iteration (1.27s, 63942 Mflops for lin. solve)
Refinement - orig 1.15e-04, refined 1.15e-04, target 1.27e+04, 0 iter
  73   3.0909447e+04   1.1705333e+04  4.89e+01  1.13e-02  5.97e+04  3.70e+00
       1.73s (1437.16 ticks) for iteration (1.31s, 61700 Mflops for lin. solve)
Refinement - orig 1.09e-04, refined 1.09e-04, target 1.19e+04, 0 iter
  74   3.3711212e+04   1.2910279e+04  4.66e+01  1.08e-02  5.88e+04  3.77e+00
       1.66s (1437.16 ticks) for iteration (1.30s, 62413 Mflops for lin. solve)
Refinement - orig 1.18e-04, refined 1.18e-04, target 1.18e+04, 0 iter
  75   3.6165804e+04   1.7884541e+04  4.46e+01  1.03e-02  5.50e+04  4.09e+00
       1.66s (1437.16 ticks) for iteration (1.25s, 64760 Mflops for lin. solve)
Refinement - orig 1.10e-04, refined 1.10e-04, target 1.10e+04, 0 iter
  76   4.0514027e+04   2.0771777e+04  4.11e+01  9.51e-03  5.28e+04  4.29e+00
       1.67s (1437.16 ticks) for iteration (1.27s, 63992 Mflops for lin. solve)
Refinement - orig 1.12e-04, refined 1.12e-04, target 1.06e+04, 0 iter
  77   4.3993259e+04   2.4284641e+04  3.83e+01  8.87e-03  5.02e+04  4.55e+00
       1.75s (1437.16 ticks) for iteration (1.33s, 60956 Mflops for lin. solve)
Refinement - orig 1.25e-04, refined 1.25e-04, target 1.01e+04, 0 iter
  78   4.8533863e+04   2.7069429e+04  3.48e+01  8.05e-03  4.82e+04  4.78e+00
       1.98s (1437.16 ticks) for iteration (1.53s, 52874 Mflops for lin. solve)
Refinement - orig 1.34e-04, refined 1.34e-04, target 9.65e+03, 0 iter
  79   5.1612300e+04   3.1470174e+04  3.24e+01  7.49e-03  4.50e+04  5.20e+00
       1.72s (1437.16 ticks) for iteration (1.28s, 63144 Mflops for lin. solve)
Refinement - orig 1.40e-04, refined 1.40e-04, target 9.01e+03, 0 iter
  80   5.4353684e+04   3.5632329e+04  3.03e+01  7.01e-03  4.20e+04  5.65e+00
       1.81s (1437.16 ticks) for iteration (1.33s, 60956 Mflops for lin. solve)
Refinement - orig 1.69e-04, refined 1.69e-04, target 8.41e+03, 0 iter
  81   5.6241482e+04   3.7045348e+04  2.89e+01  6.69e-03  4.10e+04  5.81e+00
       1.78s (1437.16 ticks) for iteration (1.28s, 63193 Mflops for lin. solve)
Refinement - orig 1.53e-04, refined 1.53e-04, target 8.21e+03, 0 iter
  82   6.0223505e+04   3.9663334e+04  2.59e+01  6.00e-03  3.92e+04  6.13e+00
       1.69s (1437.16 ticks) for iteration (1.25s, 64760 Mflops for lin. solve)
Refinement - orig 1.49e-04, refined 1.49e-04, target 7.84e+03, 0 iter
  83   6.3133549e+04   4.0988657e+04  2.38e+01  5.51e-03  3.82e+04  6.31e+00
       2.13s (1437.16 ticks) for iteration (1.64s, 49330 Mflops for lin. solve)
Refinement - orig 1.38e-04, refined 1.38e-04, target 7.65e+03, 0 iter
  84   6.7098937e+04   4.4971876e+04  2.08e+01  4.83e-03  3.54e+04  6.93e+00
       2.27s (1437.16 ticks) for iteration (1.52s, 53432 Mflops for lin. solve)
Refinement - orig 1.45e-04, refined 1.45e-04, target 7.09e+03, 0 iter
  85   7.1547358e+04   4.8896066e+04  1.76e+01  4.07e-03  3.27e+04  7.65e+00
       2.27s (1437.16 ticks) for iteration (1.56s, 51825 Mflops for lin. solve)
Refinement - orig 1.76e-04, refined 1.76e-04, target 6.54e+03, 0 iter
  86   7.5214448e+04   5.2844900e+04  1.50e+01  3.47e-03  3.00e+04  8.49e+00
       2.08s (1437.16 ticks) for iteration (1.52s, 53432 Mflops for lin. solve)
Refinement - orig 1.60e-04, refined 1.60e-04, target 6.00e+03, 0 iter
  87   7.7519505e+04   5.5911759e+04  1.34e+01  3.11e-03  2.79e+04  9.24e+00
       2.78s (1437.16 ticks) for iteration (2.06s, 39258 Mflops for lin. solve)
Refinement - orig 1.61e-04, refined 1.61e-04, target 5.58e+03, 0 iter
  88   7.9113543e+04   6.0084246e+04  1.24e+01  2.86e-03  2.51e+04  1.05e+01
       2.81s (1437.16 ticks) for iteration (2.03s, 39857 Mflops for lin. solve)
Refinement - orig 2.43e-04, refined 2.43e-04, target 5.03e+03, 0 iter
  89   8.0648771e+04   6.3521165e+04  1.14e+01  2.65e-03  2.29e+04  1.16e+01
       2.36s (1437.16 ticks) for iteration (1.53s, 52874 Mflops for lin. solve)
Refinement - orig 1.59e-04, refined 1.59e-04, target 4.59e+03, 0 iter
  90   8.2099166e+04   6.6234297e+04  1.06e+01  2.45e-03  2.12e+04  1.27e+01
       2.13s (1437.16 ticks) for iteration (1.45s, 55712 Mflops for lin. solve)
Refinement - orig 2.48e-04, refined 2.48e-04, target 4.25e+03, 0 iter
  91   8.2925669e+04   6.7307412e+04  1.01e+01  2.35e-03  2.06e+04  1.31e+01
       1.97s (1437.16 ticks) for iteration (1.50s, 53967 Mflops for lin. solve)
Refinement - orig 1.74e-04, refined 1.74e-04, target 4.12e+03, 0 iter
  92   8.3397031e+04   6.7969376e+04  9.89e+00  2.29e-03  2.02e+04  1.34e+01
       2.02s (1437.16 ticks) for iteration (1.44s, 56294 Mflops for lin. solve)
Refinement - orig 1.58e-04, refined 1.58e-04, target 4.04e+03, 0 iter
  93   8.4022463e+04   6.9039329e+04  9.56e+00  2.21e-03  1.96e+04  1.39e+01
       2.09s (1437.16 ticks) for iteration (1.56s, 51825 Mflops for lin. solve)
Refinement - orig 2.84e-04, refined 2.84e-04, target 3.91e+03, 0 iter
  94   8.4740765e+04   7.0305056e+04  9.18e+00  2.13e-03  1.88e+04  1.45e+01
       2.20s (1437.16 ticks) for iteration (1.59s, 50784 Mflops for lin. solve)
Refinement - orig 1.62e-04, refined 1.62e-04, target 3.77e+03, 0 iter
  95   8.5539782e+04   7.2257866e+04  8.78e+00  2.03e-03  1.77e+04  1.56e+01
       2.23s (1437.16 ticks) for iteration (1.69s, 47956 Mflops for lin. solve)
Refinement - orig 2.21e-04, refined 2.21e-04, target 3.54e+03, 0 iter
  96   8.5981545e+04   7.2949726e+04  8.57e+00  1.98e-03  1.73e+04  1.60e+01
       1.97s (1437.16 ticks) for iteration (1.47s, 55106 Mflops for lin. solve)
Refinement - orig 1.92e-04, refined 1.92e-04, target 3.46e+03, 0 iter
  97   8.7373193e+04   7.5342099e+04  7.92e+00  1.83e-03  1.60e+04  1.74e+01
       2.70s (1437.16 ticks) for iteration (1.98s, 40781 Mflops for lin. solve)
Refinement - orig 2.01e-04, refined 2.01e-04, target 3.20e+03, 0 iter
  98   8.7784862e+04   7.6340409e+04  7.74e+00  1.79e-03  1.55e+04  1.80e+01
       2.30s (1437.16 ticks) for iteration (1.61s, 50280 Mflops for lin. solve)
Refinement - orig 2.28e-04, refined 2.28e-04, target 3.10e+03, 0 iter
  99   8.8098717e+04   7.6749828e+04  7.62e+00  1.76e-03  1.53e+04  1.83e+01
       2.44s (1437.16 ticks) for iteration (1.70s, 47534 Mflops for lin. solve)
Refinement - orig 3.04e-04, refined 3.04e-04, target 3.05e+03, 0 iter
 100   8.9069421e+04   7.8104041e+04  7.24e+00  1.68e-03  1.46e+04  1.90e+01
       2.09s (1437.16 ticks) for iteration (1.61s, 50311 Mflops for lin. solve)
Refinement - orig 3.33e-04, refined 3.33e-04, target 2.92e+03, 0 iter
 101   8.9594784e+04   7.8386123e+04  7.06e+00  1.63e-03  1.45e+04  1.91e+01
       1.98s (1437.16 ticks) for iteration (1.47s, 55143 Mflops for lin. solve)
Refinement - orig 3.08e-04, refined 3.08e-04, target 2.90e+03, 0 iter
 102   9.0512284e+04   7.9275019e+04  6.76e+00  1.56e-03  1.41e+04  1.94e+01
       2.33s (1437.16 ticks) for iteration (1.66s, 48883 Mflops for lin. solve)
Refinement - orig 2.87e-04, refined 2.87e-04, target 2.82e+03, 0 iter
 103   9.0954739e+04   7.9980522e+04  6.62e+00  1.53e-03  1.38e+04  1.98e+01
       2.16s (1437.16 ticks) for iteration (1.49s, 54512 Mflops for lin. solve)
Refinement - orig 2.60e-04, refined 2.60e-04, target 2.76e+03, 0 iter
 104   9.1371254e+04   8.1202239e+04  6.49e+00  1.50e-03  1.33e+04  2.07e+01
       2.03s (1437.16 ticks) for iteration (1.41s, 57575 Mflops for lin. solve)
Refinement - orig 2.41e-04, refined 2.41e-04, target 2.65e+03, 0 iter
 105   9.2201100e+04   8.2528258e+04  6.26e+00  1.45e-03  1.27e+04  2.15e+01
       2.33s (1437.16 ticks) for iteration (1.64s, 49330 Mflops for lin. solve)
Refinement - orig 2.52e-04, refined 2.52e-04, target 2.55e+03, 0 iter
 106   9.2404751e+04   8.2910319e+04  6.19e+00  1.43e-03  1.26e+04  2.19e+01
       2.14s (1437.16 ticks) for iteration (1.53s, 52840 Mflops for lin. solve)
Refinement - orig 2.44e-04, refined 2.44e-04, target 2.51e+03, 0 iter
 107   9.2817808e+04   8.3297912e+04  6.06e+00  1.40e-03  1.24e+04  2.21e+01
       2.22s (1437.16 ticks) for iteration (1.59s, 50816 Mflops for lin. solve)
Refinement - orig 2.41e-04, refined 2.41e-04, target 2.48e+03, 0 iter
 108   9.3372896e+04   8.4117718e+04  5.90e+00  1.37e-03  1.21e+04  2.26e+01
       2.56s (1437.16 ticks) for iteration (1.72s, 47091 Mflops for lin. solve)
Refinement - orig 2.22e-04, refined 2.22e-04, target 2.41e+03, 0 iter
 109   9.3854970e+04   8.4827520e+04  5.77e+00  1.34e-03  1.18e+04  2.31e+01
       2.33s (1437.16 ticks) for iteration (1.73s, 46684 Mflops for lin. solve)
Refinement - orig 2.35e-04, refined 2.35e-04, target 2.36e+03, 0 iter
 110   9.4776390e+04   8.6102472e+04  5.54e+00  1.28e-03  1.13e+04  2.39e+01
       2.16s (1437.16 ticks) for iteration (1.59s, 50816 Mflops for lin. solve)
Refinement - orig 1.50e-04, refined 1.50e-04, target 2.26e+03, 0 iter
 111   9.5616195e+04   8.6632624e+04  5.33e+00  1.23e-03  1.11e+04  2.40e+01
       2.42s (1437.16 ticks) for iteration (1.75s, 46257 Mflops for lin. solve)
Refinement - orig 1.65e-04, refined 1.65e-04, target 2.23e+03, 0 iter
 112   9.6033772e+04   8.7219739e+04  5.24e+00  1.21e-03  1.09e+04  2.43e+01
       2.72s (1437.16 ticks) for iteration (1.94s, 41770 Mflops for lin. solve)
Refinement - orig 5.82e-04, refined 5.82e-04, target 2.19e+03, 0 iter
 113   9.6179150e+04   8.7358728e+04  5.17e+00  1.20e-03  1.08e+04  2.47e+01
       2.48s (1437.16 ticks) for iteration (1.70s, 47534 Mflops for lin. solve)
Refinement - orig 1.13e-04, refined 1.13e-04, target 2.17e+03, 0 iter
 114   9.6441708e+04   8.7886938e+04  5.08e+00  1.18e-03  1.06e+04  2.54e+01
       2.58s (1437.16 ticks) for iteration (1.80s, 45073 Mflops for lin. solve)
Refinement - orig 1.33e-04, refined 1.33e-04, target 2.12e+03, 0 iter
 115   9.6685507e+04   8.8043306e+04  4.99e+00  1.15e-03  1.05e+04  2.57e+01
       2.70s (1437.16 ticks) for iteration (1.88s, 43173 Mflops for lin. solve)
Refinement - orig 1.50e-04, refined 1.50e-04, target 2.11e+03, 0 iter
 116   9.6765583e+04   8.8158495e+04  4.96e+00  1.15e-03  1.05e+04  2.58e+01
       2.63s (1437.16 ticks) for iteration (1.73s, 46657 Mflops for lin. solve)
Refinement - orig 1.52e-04, refined 1.52e-04, target 2.10e+03, 0 iter
 117   9.6843729e+04   8.8295476e+04  4.93e+00  1.14e-03  1.04e+04  2.61e+01
       2.48s (1437.16 ticks) for iteration (1.77s, 45838 Mflops for lin. solve)
Refinement - orig 8.35e-05, refined 8.35e-05, target 2.08e+03, 0 iter
 118   9.7191802e+04   8.8752408e+04  4.80e+00  1.11e-03  1.02e+04  2.68e+01
       2.64s (1437.16 ticks) for iteration (1.91s, 42449 Mflops for lin. solve)
Refinement - orig 1.29e-04, refined 1.29e-04, target 2.04e+03, 0 iter
 119   9.7444033e+04   8.8866453e+04  4.72e+00  1.09e-03  1.01e+04  2.69e+01
       2.69s (1437.16 ticks) for iteration (1.81s, 44675 Mflops for lin. solve)
Refinement - orig 1.46e-04, refined 1.46e-04, target 2.03e+03, 0 iter
 120   9.7633685e+04   8.9029894e+04  4.65e+00  1.08e-03  1.01e+04  2.72e+01
       2.70s (1437.16 ticks) for iteration (1.95s, 41449 Mflops for lin. solve)
Refinement - orig 1.30e-04, refined 1.30e-04, target 2.01e+03, 0 iter
 121   9.7691050e+04   8.9124873e+04  4.63e+00  1.07e-03  1.00e+04  2.74e+01
       2.58s (1437.16 ticks) for iteration (1.80s, 45047 Mflops for lin. solve)
Refinement - orig 1.37e-04, refined 1.37e-04, target 2.01e+03, 0 iter
 122   9.8084075e+04   8.9629618e+04  4.48e+00  1.04e-03  9.79e+03  2.82e+01
       1.89s (1437.16 ticks) for iteration (1.36s, 59522 Mflops for lin. solve)
Refinement - orig 1.27e-04, refined 1.27e-04, target 1.96e+03, 0 iter
 123   9.8710407e+04   9.0231260e+04  4.26e+00  9.87e-04  9.51e+03  2.92e+01
       2.17s (1437.16 ticks) for iteration (1.55s, 52361 Mflops for lin. solve)
Refinement - orig 1.55e-04, refined 1.55e-04, target 1.90e+03, 0 iter
 124   9.9178962e+04   9.0568568e+04  4.10e+00  9.48e-04  9.35e+03  2.98e+01
       1.84s (1437.16 ticks) for iteration (1.39s, 58238 Mflops for lin. solve)
Refinement - orig 8.97e-05, refined 8.97e-05, target 1.87e+03, 0 iter
 125   9.9447665e+04   9.1019826e+04  4.00e+00  9.26e-04  9.15e+03  3.06e+01
       1.94s (1437.16 ticks) for iteration (1.44s, 56294 Mflops for lin. solve)
Refinement - orig 1.29e-04, refined 1.29e-04, target 1.83e+03, 0 iter
 126   1.0028803e+05   9.1740011e+04  3.70e+00  8.57e-04  8.81e+03  3.20e+01
       1.88s (1437.16 ticks) for iteration (1.31s, 61653 Mflops for lin. solve)
Refinement - orig 1.61e-04, refined 1.61e-04, target 1.76e+03, 0 iter
 127   1.0060935e+05   9.2206448e+04  3.59e+00  8.31e-04  8.60e+03  3.30e+01
       2.08s (1437.16 ticks) for iteration (1.44s, 56294 Mflops for lin. solve)
Refinement - orig 8.20e-05, refined 8.20e-05, target 1.72e+03, 0 iter
 128   1.0098533e+05   9.2713441e+04  3.46e+00  8.00e-04  8.36e+03  3.40e+01
       2.06s (1437.16 ticks) for iteration (1.47s, 55143 Mflops for lin. solve)
Refinement - orig 1.32e-04, refined 1.32e-04, target 1.67e+03, 0 iter
 129   1.0161574e+05   9.3503109e+04  3.24e+00  7.50e-04  8.00e+03  3.59e+01
       1.94s (1437.16 ticks) for iteration (1.36s, 59522 Mflops for lin. solve)
Refinement - orig 8.27e-05, refined 8.27e-05, target 1.60e+03, 0 iter
 130   1.0192990e+05   9.3880420e+04  3.13e+00  7.25e-04  7.83e+03  3.68e+01
       1.83s (1437.16 ticks) for iteration (1.36s, 59566 Mflops for lin. solve)
Refinement - orig 1.09e-04, refined 1.09e-04, target 1.57e+03, 0 iter
 131   1.0260353e+05   9.4574820e+04  2.90e+00  6.71e-04  7.51e+03  3.86e+01
       2.13s (1437.16 ticks) for iteration (1.66s, 48883 Mflops for lin. solve)
Refinement - orig 8.92e-05, refined 8.92e-05, target 1.50e+03, 0 iter
 132   1.0285620e+05   9.5097843e+04  2.82e+00  6.52e-04  7.28e+03  4.00e+01
       2.30s (1437.16 ticks) for iteration (1.66s, 48883 Mflops for lin. solve)
Refinement - orig 8.72e-05, refined 8.72e-05, target 1.46e+03, 0 iter
 133   1.0341326e+05   9.5292782e+04  2.63e+00  6.09e-04  7.19e+03  4.05e+01
       2.16s (1437.16 ticks) for iteration (1.47s, 55106 Mflops for lin. solve)
Refinement - orig 1.06e-04, refined 1.06e-04, target 1.44e+03, 0 iter
 134   1.0371209e+05   9.5732051e+04  2.53e+00  5.86e-04  6.99e+03  4.17e+01
       2.23s (1437.16 ticks) for iteration (1.45s, 55712 Mflops for lin. solve)
Refinement - orig 1.01e-04, refined 1.01e-04, target 1.40e+03, 0 iter
 135   1.0419085e+05   9.6458554e+04  2.37e+00  5.50e-04  6.67e+03  4.40e+01
       1.89s (1437.16 ticks) for iteration (1.47s, 55106 Mflops for lin. solve)
Refinement - orig 1.09e-04, refined 1.09e-04, target 1.33e+03, 0 iter
 136   1.0448043e+05   9.6608459e+04  2.28e+00  5.28e-04  6.60e+03  4.45e+01
       2.22s (1437.16 ticks) for iteration (1.80s, 45047 Mflops for lin. solve)
Refinement - orig 1.68e-04, refined 1.68e-04, target 1.32e+03, 0 iter
 137   1.0479981e+05   9.6945551e+04  2.18e+00  5.04e-04  6.45e+03  4.56e+01
       1.98s (1437.16 ticks) for iteration (1.52s, 53432 Mflops for lin. solve)
Refinement - orig 2.01e-04, refined 2.01e-04, target 1.29e+03, 0 iter
 138   1.0528412e+05   9.7233005e+04  2.02e+00  4.68e-04  6.33e+03  4.65e+01
       2.39s (1437.16 ticks) for iteration (1.91s, 42471 Mflops for lin. solve)
Refinement - orig 1.01e-04, refined 1.01e-04, target 1.27e+03, 0 iter
 139   1.0562951e+05   9.7741888e+04  1.91e+00  4.43e-04  6.10e+03  4.84e+01
       2.34s (1437.16 ticks) for iteration (1.73s, 46657 Mflops for lin. solve)
Refinement - orig 1.27e-04, refined 1.27e-04, target 1.22e+03, 0 iter
 140   1.0602104e+05   9.8423912e+04  1.79e+00  4.15e-04  5.81e+03  5.12e+01
       2.28s (1437.16 ticks) for iteration (1.70s, 47534 Mflops for lin. solve)
Refinement - orig 1.34e-04, refined 1.34e-04, target 1.16e+03, 0 iter
 141   1.0628990e+05   9.8672042e+04  1.71e+00  3.96e-04  5.70e+03  5.21e+01
       2.53s (1437.16 ticks) for iteration (1.98s, 40802 Mflops for lin. solve)
Refinement - orig 1.32e-04, refined 1.32e-04, target 1.14e+03, 0 iter
 142   1.0667771e+05   9.9156912e+04  1.60e+00  3.70e-04  5.50e+03  5.42e+01
       2.42s (1437.16 ticks) for iteration (1.84s, 43899 Mflops for lin. solve)
Refinement - orig 1.56e-04, refined 1.56e-04, target 1.10e+03, 0 iter
 143   1.0678469e+05   9.9827989e+04  1.57e+00  3.63e-04  5.21e+03  5.77e+01
       2.55s (1437.16 ticks) for iteration (1.97s, 41112 Mflops for lin. solve)
Refinement - orig 1.31e-04, refined 1.31e-04, target 1.04e+03, 0 iter
 144   1.0697531e+05   1.0010622e+05  1.51e+00  3.50e-04  5.10e+03  5.90e+01
       2.53s (1437.16 ticks) for iteration (1.95s, 41449 Mflops for lin. solve)
Refinement - orig 2.66e-04, refined 2.66e-04, target 1.02e+03, 0 iter
 145   1.0719941e+05   1.0112966e+05  1.45e+00  3.36e-04  4.68e+03  6.52e+01
       2.52s (1448.56 ticks) for iteration (1.84s, 43899 Mflops for lin. solve)
Refinement - orig 1.24e-04, refined 1.24e-04, target 9.36e+02, 0 iter
 146   1.0727644e+05   1.0116799e+05  1.43e+00  3.32e-04  4.66e+03  6.53e+01
       2.55s (1437.16 ticks) for iteration (1.98s, 40781 Mflops for lin. solve)
Refinement - orig 2.89e-04, refined 2.89e-04, target 9.33e+02, 0 iter
 147   1.0751736e+05   1.0125970e+05  1.37e+00  3.17e-04  4.63e+03  6.57e+01
       2.09s (1437.16 ticks) for iteration (1.48s, 54549 Mflops for lin. solve)
Refinement - orig 1.22e-04, refined 1.22e-04, target 9.26e+02, 0 iter
 148   1.0778711e+05   1.0188011e+05  1.30e+00  3.01e-04  4.38e+03  6.98e+01
       2.70s (1437.16 ticks) for iteration (2.09s, 38677 Mflops for lin. solve)
Refinement - orig 2.07e-04, refined 2.07e-04, target 8.76e+02, 0 iter
 149   1.0793739e+05   1.0197998e+05  1.26e+00  2.92e-04  4.34e+03  7.05e+01
       2.25s (1437.16 ticks) for iteration (1.66s, 48883 Mflops for lin. solve)
Refinement - orig 1.19e-04, refined 1.19e-04, target 8.68e+02, 0 iter
 150   1.0832994e+05   1.0221183e+05  1.16e+00  2.69e-04  4.25e+03  7.21e+01
       2.06s (1448.56 ticks) for iteration (1.52s, 53397 Mflops for lin. solve)
Refinement - orig 1.43e-04, refined 1.43e-04, target 8.50e+02, 0 iter
 151   1.0872732e+05   1.0344426e+05  1.06e+00  2.45e-04  3.75e+03  8.34e+01
       2.52s (1437.16 ticks) for iteration (1.97s, 41112 Mflops for lin. solve)
Refinement - orig 2.50e-04, refined 2.50e-04, target 7.50e+02, 0 iter
 152   1.0909811e+05   1.0452288e+05  9.62e-01  2.23e-04  3.32e+03  9.57e+01
       2.34s (1437.16 ticks) for iteration (1.70s, 47534 Mflops for lin. solve)
Refinement - orig 1.19e-04, refined 1.19e-04, target 6.64e+02, 0 iter
 153   1.0951269e+05   1.0509384e+05  8.62e-01  2.00e-04  3.10e+03  1.03e+02
       2.20s (1437.16 ticks) for iteration (1.69s, 47985 Mflops for lin. solve)
Refinement - orig 1.63e-04, refined 1.63e-04, target 6.20e+02, 0 iter
 154   1.0973691e+05   1.0565559e+05  8.09e-01  1.87e-04  2.88e+03  1.12e+02
       2.36s (1437.16 ticks) for iteration (1.80s, 45047 Mflops for lin. solve)
Refinement - orig 2.00e-04, refined 2.00e-04, target 5.77e+02, 0 iter
 155   1.1001116e+05   1.0638475e+05  7.46e-01  1.73e-04  2.61e+03  1.25e+02
       2.42s (1448.56 ticks) for iteration (1.77s, 45838 Mflops for lin. solve)
Refinement - orig 2.16e-04, refined 2.16e-04, target 5.22e+02, 0 iter
 156   1.1009687e+05   1.0649933e+05  7.27e-01  1.68e-04  2.56e+03  1.27e+02
       2.33s (1437.16 ticks) for iteration (1.77s, 45838 Mflops for lin. solve)
Refinement - orig 1.97e-04, refined 1.97e-04, target 5.13e+02, 0 iter
 157   1.1028301e+05   1.0681098e+05  6.86e-01  1.59e-04  2.45e+03  1.33e+02
       2.44s (1437.16 ticks) for iteration (1.67s, 48415 Mflops for lin. solve)
Refinement - orig 1.78e-04, refined 1.78e-04, target 4.90e+02, 0 iter
 158   1.1052929e+05   1.0707843e+05  6.33e-01  1.47e-04  2.35e+03  1.38e+02
       2.78s (1437.16 ticks) for iteration (2.09s, 38658 Mflops for lin. solve)
Refinement - orig 1.49e-04, refined 1.49e-04, target 4.70e+02, 0 iter
 159   1.1076243e+05   1.0741112e+05  5.85e-01  1.35e-04  2.23e+03  1.46e+02
       2.66s (1437.16 ticks) for iteration (1.81s, 44650 Mflops for lin. solve)
Refinement - orig 1.59e-04, refined 1.59e-04, target 4.46e+02, 0 iter
 160   1.1084034e+05   1.0763410e+05  5.70e-01  1.32e-04  2.15e+03  1.52e+02
       2.59s (1448.56 ticks) for iteration (1.94s, 41770 Mflops for lin. solve)
Refinement - orig 2.49e-04, refined 2.49e-04, target 4.30e+02, 0 iter
 161   1.1116682e+05   1.0797554e+05  5.05e-01  1.17e-04  2.03e+03  1.60e+02
       2.59s (1437.16 ticks) for iteration (1.84s, 43923 Mflops for lin. solve)
Refinement - orig 2.08e-04, refined 2.08e-04, target 4.06e+02, 0 iter
 162   1.1134328e+05   1.0832089e+05  4.70e-01  1.09e-04  1.91e+03  1.71e+02
       2.70s (1437.16 ticks) for iteration (1.95s, 41449 Mflops for lin. solve)
Refinement - orig 5.20e-04, refined 5.20e-04, target 3.82e+02, 0 iter
 163   1.1138195e+05   1.0837864e+05  4.62e-01  1.07e-04  1.89e+03  1.74e+02
       1.78s (1437.16 ticks) for iteration (1.33s, 60956 Mflops for lin. solve)
Refinement - orig 2.46e-04, refined 2.46e-04, target 3.78e+02, 0 iter
 164   1.1142801e+05   1.0850428e+05  4.53e-01  1.05e-04  1.84e+03  1.78e+02
       1.97s (1437.16 ticks) for iteration (1.48s, 54549 Mflops for lin. solve)
Refinement - orig 2.36e-04, refined 2.36e-04, target 3.69e+02, 0 iter
 165   1.1163349e+05   1.0890690e+05  4.12e-01  9.54e-05  1.70e+03  1.95e+02
       2.02s (1448.56 ticks) for iteration (1.45s, 55712 Mflops for lin. solve)
Refinement - orig 3.01e-04, refined 3.01e-04, target 3.40e+02, 0 iter
 166   1.1178918e+05   1.0903827e+05  3.82e-01  8.84e-05  1.65e+03  2.01e+02
       1.92s (1437.16 ticks) for iteration (1.42s, 56927 Mflops for lin. solve)
Refinement - orig 2.98e-04, refined 2.98e-04, target 3.31e+02, 0 iter
 167   1.1197355e+05   1.0938351e+05  3.46e-01  8.00e-05  1.53e+03  2.18e+02
       1.88s (1437.16 ticks) for iteration (1.39s, 58196 Mflops for lin. solve)
Refinement - orig 3.11e-04, refined 3.11e-04, target 3.07e+02, 0 iter
 168   1.1211351e+05   1.0961473e+05  3.19e-01  7.38e-05  1.45e+03  2.32e+02
       1.94s (1437.16 ticks) for iteration (1.50s, 53967 Mflops for lin. solve)
Refinement - orig 3.96e-04, refined 3.96e-04, target 2.91e+02, 0 iter
 169   1.1231131e+05   1.1014017e+05  2.81e-01  6.51e-05  1.27e+03  2.69e+02
       2.14s (1437.16 ticks) for iteration (1.61s, 50311 Mflops for lin. solve)
Refinement - orig 3.32e-04, refined 3.32e-04, target 2.54e+02, 0 iter
 170   1.1241714e+05   1.1056523e+05  2.62e-01  6.07e-05  1.12e+03  3.07e+02
       2.14s (1448.56 ticks) for iteration (1.58s, 51299 Mflops for lin. solve)
Refinement - orig 5.49e-04, refined 5.49e-04, target 2.25e+02, 0 iter
 171   1.1255403e+05   1.1090911e+05  2.38e-01  5.51e-05  1.01e+03  3.45e+02
       2.16s (1437.16 ticks) for iteration (1.66s, 48883 Mflops for lin. solve)
Refinement - orig 6.61e-04, refined 6.61e-04, target 2.02e+02, 0 iter
 172   1.1263174e+05   1.1111109e+05  2.25e-01  5.20e-05  9.41e+02  3.71e+02
       2.45s (1437.16 ticks) for iteration (1.81s, 44675 Mflops for lin. solve)
Refinement - orig 5.10e-04, refined 5.10e-04, target 1.88e+02, 0 iter
 173   1.1273446e+05   1.1136462e+05  2.07e-01  4.80e-05  8.58e+02  4.10e+02
       2.28s (1437.16 ticks) for iteration (1.66s, 48883 Mflops for lin. solve)
Refinement - orig 5.49e-04, refined 5.49e-04, target 1.72e+02, 0 iter
 174   1.1278268e+05   1.1147792e+05  1.99e-01  4.61e-05  8.21e+02  4.29e+02
       2.22s (1437.16 ticks) for iteration (1.59s, 50784 Mflops for lin. solve)
Refinement - orig 4.48e-04, refined 4.48e-04, target 1.64e+02, 0 iter
 175   1.1287825e+05   1.1150308e+05  1.84e-01  4.25e-05  8.12e+02  4.33e+02
       2.14s (1448.56 ticks) for iteration (1.56s, 51792 Mflops for lin. solve)
Refinement - orig 5.53e-04, refined 5.53e-04, target 1.62e+02, 0 iter
 176   1.1297493e+05   1.1186980e+05  1.68e-01  3.88e-05  6.93e+02  5.14e+02
       2.22s (1437.16 ticks) for iteration (1.66s, 48883 Mflops for lin. solve)
Refinement - orig 7.71e-04, refined 7.71e-04, target 1.39e+02, 0 iter
 177   1.1308775e+05   1.1196876e+05  1.50e-01  3.46e-05  6.61e+02  5.40e+02
       2.52s (1437.16 ticks) for iteration (1.88s, 43173 Mflops for lin. solve)
Refinement - orig 1.24e-03, refined 1.24e-03, target 1.32e+02, 0 iter
 178   1.1318269e+05   1.1218798e+05  1.35e-01  3.11e-05  5.90e+02  6.08e+02
       2.66s (1437.16 ticks) for iteration (2.00s, 40475 Mflops for lin. solve)
Refinement - orig 9.24e-04, refined 9.24e-04, target 1.18e+02, 0 iter
 179   1.1320925e+05   1.1230248e+05  1.30e-01  3.02e-05  5.54e+02  6.51e+02
       2.19s (1437.16 ticks) for iteration (1.59s, 50784 Mflops for lin. solve)
Refinement - orig 1.30e-03, refined 1.30e-03, target 1.11e+02, 0 iter
 180   1.1326747e+05   1.1237338e+05  1.21e-01  2.81e-05  5.32e+02  6.80e+02
       2.22s (1448.56 ticks) for iteration (1.64s, 49330 Mflops for lin. solve)
Refinement - orig 8.75e-04, refined 8.75e-04, target 1.06e+02, 0 iter
 181   1.1336674e+05   1.1259038e+05  1.06e-01  2.46e-05  4.63e+02  7.85e+02
       2.02s (1437.16 ticks) for iteration (1.47s, 55106 Mflops for lin. solve)
Refinement - orig 1.16e-03, refined 1.16e-03, target 9.27e+01, 0 iter
 182   1.1338960e+05   1.1263976e+05  1.03e-01  2.38e-05  4.48e+02  8.13e+02
       2.03s (1437.16 ticks) for iteration (1.56s, 51825 Mflops for lin. solve)
Refinement - orig 8.16e-04, refined 8.16e-04, target 8.96e+01, 0 iter
 183   1.1347456e+05   1.1277213e+05  9.02e-02  2.09e-05  4.07e+02  8.98e+02
       2.17s (1437.16 ticks) for iteration (1.50s, 53967 Mflops for lin. solve)
Refinement - orig 1.72e-03, refined 1.72e-03, target 8.14e+01, 0 iter
 184   1.1351826e+05   1.1292491e+05  8.38e-02  1.94e-05  3.60e+02  1.02e+03
       2.19s (1437.16 ticks) for iteration (1.55s, 52327 Mflops for lin. solve)
Refinement - orig 1.48e-03, refined 1.48e-03, target 7.20e+01, 0 iter
 185   1.1360718e+05   1.1313611e+05  7.10e-02  1.64e-05  2.95e+02  1.26e+03
       2.28s (1448.56 ticks) for iteration (1.78s, 45452 Mflops for lin. solve)
Refinement - orig 3.17e-03, refined 3.17e-03, target 5.90e+01, 0 iter
 186   1.1361220e+05   1.1324439e+05  7.03e-02  1.63e-05  2.62e+02  1.42e+03
       2.50s (1437.16 ticks) for iteration (1.89s, 42808 Mflops for lin. solve)
Refinement - orig 2.59e-03, refined 2.59e-03, target 5.25e+01, 0 iter
 187   1.1365789e+05   1.1326389e+05  6.40e-02  1.48e-05  2.57e+02  1.45e+03
       2.84s (1437.16 ticks) for iteration (2.11s, 38365 Mflops for lin. solve)
Refinement - orig 3.93e-03, refined 3.93e-03, target 5.13e+01, 0 iter
 188   1.1368701e+05   1.1333370e+05  6.01e-02  1.39e-05  2.36e+02  1.57e+03
       2.33s (1437.16 ticks) for iteration (1.77s, 45838 Mflops for lin. solve)
Refinement - orig 3.69e-03, refined 3.69e-03, target 4.72e+01, 0 iter
 189   1.1369487e+05   1.1336257e+05  5.91e-02  1.37e-05  2.28e+02  1.63e+03
       2.33s (1437.16 ticks) for iteration (1.58s, 51299 Mflops for lin. solve)
Refinement - orig 2.03e-03, refined 2.03e-03, target 4.56e+01, 0 iter
 190   1.1371074e+05   1.1337729e+05  5.70e-02  1.32e-05  2.23e+02  1.67e+03
       2.59s (1448.56 ticks) for iteration (1.89s, 42808 Mflops for lin. solve)
Refinement - orig 3.56e-03, refined 3.56e-03, target 4.47e+01, 0 iter
 191   1.1378815e+05   1.1344968e+05  4.67e-02  1.08e-05  2.02e+02  1.84e+03
       2.50s (1437.16 ticks) for iteration (1.86s, 43522 Mflops for lin. solve)
Refinement - orig 3.89e-03, refined 3.89e-03, target 4.04e+01, 0 iter
 192   1.1380268e+05   1.1348978e+05  4.47e-02  1.03e-05  1.90e+02  1.96e+03
       2.58s (1437.16 ticks) for iteration (2.00s, 40475 Mflops for lin. solve)
Refinement - orig 4.02e-03, refined 4.02e-03, target 3.81e+01, 0 iter
 193   1.1381107e+05   1.1366162e+05  4.36e-02  1.01e-05  1.40e+02  2.70e+03
       2.41s (1437.16 ticks) for iteration (1.88s, 43173 Mflops for lin. solve)
Refinement - orig 2.85e-03, refined 2.85e-03, target 2.79e+01, 0 iter
 194   1.1390520e+05   1.1375862e+05  3.16e-02  7.30e-06  1.12e+02  3.35e+03
       2.75s (1437.16 ticks) for iteration (2.20s, 36745 Mflops for lin. solve)
Refinement - orig 3.83e-03, refined 3.83e-03, target 2.24e+01, 0 iter
 195   1.1392367e+05   1.1376696e+05  2.92e-02  6.75e-06  1.10e+02  3.42e+03
       2.66s (1448.56 ticks) for iteration (1.91s, 42471 Mflops for lin. solve)
Refinement - orig 5.64e-03, refined 5.64e-03, target 2.19e+01, 0 iter
 196   1.1395428e+05   1.1379030e+05  2.52e-02  5.83e-06  1.03e+02  3.64e+03
       2.61s (1437.16 ticks) for iteration (1.95s, 41449 Mflops for lin. solve)
Refinement - orig 1.01e-02, refined 1.01e-02, target 2.06e+01, 0 iter
 197   1.1396781e+05   1.1385710e+05  2.34e-02  5.42e-06  8.36e+01  4.51e+03
       3.27s (1437.16 ticks) for iteration (2.14s, 37827 Mflops for lin. solve)
Refinement - orig 8.46e-03, refined 8.46e-03, target 1.67e+01, 0 iter
 198   1.1399524e+05   1.1390850e+05  2.00e-02  4.61e-06  6.91e+01  5.45e+03
       3.09s (1437.16 ticks) for iteration (2.19s, 37014 Mflops for lin. solve)
Refinement - orig 8.68e-03, refined 8.68e-03, target 1.38e+01, 0 iter
 199   1.1402120e+05   1.1395759e+05  1.67e-02  3.85e-06  5.52e+01  6.80e+03
       2.14s (1437.16 ticks) for iteration (1.59s, 50784 Mflops for lin. solve)
Refinement - orig 6.79e-03, refined 6.79e-03, target 1.10e+01, 0 iter
 200   1.1403409e+05   1.1397776e+05  1.51e-02  3.48e-06  4.95e+01  7.56e+03
       1.98s (1448.56 ticks) for iteration (1.31s, 61700 Mflops for lin. solve)
Refinement - orig 8.75e-03, refined 8.75e-03, target 9.91e+00, 0 iter
 201   1.1407487e+05   1.1401793e+05  1.00e-02  2.31e-06  3.83e+01  9.72e+03
       2.06s (1437.16 ticks) for iteration (1.52s, 53397 Mflops for lin. solve)
Refinement - orig 3.99e-02, refined 3.99e-02, target 7.67e+00, 0 iter
 202   1.1408662e+05   1.1402590e+05  8.52e-03  1.96e-06  3.61e+01  1.03e+04
       1.89s (1437.16 ticks) for iteration (1.36s, 59566 Mflops for lin. solve)
Refinement - orig 8.04e-02, refined 8.04e-02, target 7.22e+00, 0 iter
 203   1.1410297e+05   1.1405301e+05  6.42e-03  1.47e-06  2.83e+01  1.33e+04
       2.47s (1437.16 ticks) for iteration (1.81s, 44675 Mflops for lin. solve)
Refinement - orig 1.10e-01, refined 1.10e-01, target 5.67e+00, 0 iter
 204   1.1411931e+05   1.1408252e+05  4.41e-03  9.94e-07  2.00e+01  1.90e+04
       2.83s (1437.16 ticks) for iteration (2.03s, 39857 Mflops for lin. solve)
Refinement - orig 5.80e-01, refined 5.80e-01, target 4.00e+00, 0 iter
 205   1.1413121e+05   1.1410673e+05  3.08e-03  6.52e-07  1.32e+01  2.94e+04
       2.92s (1448.56 ticks) for iteration (2.25s, 35978 Mflops for lin. solve)
Refinement - orig 8.42e-01, refined 8.42e-01, target 2.65e+00, 0 iter
 206   1.1413174e+05   1.1410731e+05  3.03e-03  6.37e-07  1.30e+01  2.97e+04
       2.47s (1437.16 ticks) for iteration (1.94s, 41770 Mflops for lin. solve)
Refinement - orig 7.61e-01, refined 7.61e-01, target 2.61e+00, 0 iter
 207   1.1413222e+05   1.1410776e+05  3.15e-03  6.23e-07  1.29e+01  3.00e+04
       2.22s (1437.16 ticks) for iteration (1.64s, 49330 Mflops for lin. solve)
Refinement - orig 8.87e-01, refined 8.87e-01, target 2.59e+00, 0 iter
 208   1.1413264e+05   1.1411013e+05  3.40e-03  6.12e-07  1.23e+01  3.16e+04
       2.83s (1437.16 ticks) for iteration (2.24s, 36219 Mflops for lin. solve)
Refinement - orig 8.01e-01, refined 8.01e-01, target 2.46e+00, 0 iter
 209   1.1413341e+05   1.1411230e+05  3.20e-03  5.93e-07  1.17e+01  3.32e+04
       2.67s (1437.16 ticks) for iteration (1.81s, 44650 Mflops for lin. solve)
Refinement - orig 5.77e-01, refined 5.77e-01, target 2.35e+00, 0 iter
 210   1.1413990e+05   1.1412078e+05  2.22e-03  4.25e-07  9.46e+00  4.14e+04
       2.97s (1448.56 ticks) for iteration (2.31s, 35013 Mflops for lin. solve)
Refinement - orig 2.58e+00, refined 7.57e-03, target 1.90e+00, 1 iter
 211   1.1414044e+05   1.1412109e+05  2.15e-03  4.11e-07  9.37e+00  4.18e+04
       2.88s (1545.45 ticks) for iteration (1.91s, 42471 Mflops for lin. solve)
Refinement - orig 2.71e+00, refined 7.94e-03, target 1.88e+00, 1 iter
 212   1.1414062e+05   1.1412438e+05  2.11e-03  4.06e-07  8.50e+00  4.62e+04
       2.88s (1545.45 ticks) for iteration (1.86s, 43545 Mflops for lin. solve)
Refinement - orig 1.47e+00, refined 1.47e+00, target 1.71e+00, 0 iter
 213   1.1414761e+05   1.1413302e+05  1.19e-03  2.21e-07  6.18e+00  6.41e+04
       2.74s (1437.16 ticks) for iteration (2.00s, 40475 Mflops for lin. solve)
Refinement - orig 5.09e+00, refined 1.23e-02, target 1.24e+00, 1 iter
 214   1.1414768e+05   1.1413341e+05  1.19e-03  2.20e-07  6.07e+00  6.53e+04
       3.05s (1545.45 ticks) for iteration (2.19s, 36997 Mflops for lin. solve)
Refinement - orig 7.79e+00, refined 1.44e-02, target 1.22e+00, 1 iter
 215   1.1415023e+05   1.1413702e+05  1.15e-03  1.50e-07  5.09e+00  7.87e+04
       3.53s (1556.85 ticks) for iteration (2.69s, 30115 Mflops for lin. solve)
Refinement - orig 1.46e+01, refined 3.51e-02, target 1.02e+00, 1 iter
 216   1.1415162e+05   1.1414386e+05  1.17e-03  1.12e-07  3.23e+00  1.30e+05
       2.31s (1545.45 ticks) for iteration (1.63s, 49816 Mflops for lin. solve)
Refinement - orig 1.41e+01, refined 3.41e-02, target 6.52e-01, 1 iter
 217   1.1415212e+05   1.1414839e+05  1.19e-03  9.96e-08  2.04e+00  2.11e+05
       2.03s (1545.45 ticks) for iteration (1.41s, 57534 Mflops for lin. solve)
Refinement - orig 5.73e+00, refined 1.53e-02, target 4.13e-01, 1 iter
 218   1.1415328e+05   1.1415150e+05  1.27e-03  7.28e-08  1.25e+00  3.42e+05
       2.52s (1545.45 ticks) for iteration (1.89s, 42831 Mflops for lin. solve)
Refinement - orig 2.57e+01, refined 1.17e-02, target 2.55e-01, 2 iter
 219   1.1415364e+05   1.1415196e+05  1.17e-03  6.43e-08  1.13e+00  3.75e+05
       3.39s (1636.77 ticks) for iteration (2.11s, 38365 Mflops for lin. solve)
Refinement - orig 2.55e+01, refined 1.05e-02, target 2.32e-01, 2 iter
 220   1.1415366e+05   1.1415197e+05  1.17e-03  6.40e-08  1.13e+00  3.76e+05
       2.66s (1648.17 ticks) for iteration (1.75s, 46257 Mflops for lin. solve)
Refinement - orig 2.40e+01, refined 1.27e-02, target 2.31e-01, 2 iter
 221   1.1415389e+05   1.1415229e+05  1.11e-03  5.87e-08  1.05e+00  4.04e+05
       3.08s (1636.77 ticks) for iteration (1.89s, 42831 Mflops for lin. solve)
Refinement - orig 2.94e+01, refined 1.05e-02, target 2.15e-01, 2 iter
 222   1.1415448e+05   1.1415278e+05  9.83e-04  4.50e-08  9.23e-01  4.56e+05
       3.20s (1636.77 ticks) for iteration (2.09s, 38677 Mflops for lin. solve)
Refinement - orig 2.05e+01, refined 1.42e-02, target 1.90e-01, 2 iter
 223   1.1415476e+05   1.1415364e+05  9.42e-04  3.85e-08  7.02e-01  5.98e+05
       2.88s (1636.77 ticks) for iteration (1.78s, 45452 Mflops for lin. solve)
Refinement - orig 1.32e+01, refined 1.36e-01, target 1.46e-01, 1 iter
 224   1.1415593e+05   1.1415468e+05  1.95e-03  1.13e-08  4.39e-01  9.47e+05
       2.27s (1545.48 ticks) for iteration (1.44s, 56294 Mflops for lin. solve)
Refinement - orig 2.29e+03, refined 9.93e-02, target 9.32e-02, 7 iter
 225   1.1415593e+05   1.1415471e+05  2.87e-03  1.11e-08  4.31e-01  9.64e+05
       3.47s (2112.08 ticks) for iteration (1.63s, 49816 Mflops for lin. solve)
Refinement - orig 1.86e+03, refined 8.09e-02, target 9.18e-02, 5 iter
 226   1.1415613e+05   1.1415545e+05  1.82e-03  5.84e-09  2.36e-01  1.90e+06
       3.33s (1910.77 ticks) for iteration (1.67s, 48415 Mflops for lin. solve)
Refinement - orig 2.94e+03, refined 5.90e+02, target 5.26e-02, 4 iter
 227   1.1415613e+05   1.1415546e+05  1.84e-03  5.78e-09  2.34e-01  1.92e+06
       3.23s (1838.16 ticks) for iteration (1.78s, 45452 Mflops for lin. solve)
Refinement - orig 4.09e+03, refined 1.50e+01, target 5.23e-02, 9 iter
 228   1.1415613e+05   1.1415546e+05  1.84e-03  5.78e-09  2.34e-01  1.92e+06
       4.72s (2291.28 ticks) for iteration (1.86s, 43545 Mflops for lin. solve)
Refinement - orig 3.22e+03, refined 3.01e+02, target 5.23e-02, 5 iter
 229   1.1415614e+05   1.1415550e+05  1.86e-03  5.61e-09  2.24e-01  2.00e+06
       3.66s (1929.48 ticks) for iteration (2.05s, 39546 Mflops for lin. solve)
Refinement - orig 3.55e+03, refined 1.90e-01, target 5.03e-02, 10 iter
 230   1.1415622e+05   1.1415584e+05  1.40e-03  3.83e-09  1.37e-01  3.41e+06
       3.94s (2341.62 ticks) for iteration (1.63s, 49816 Mflops for lin. solve)
Refinement - orig 1.45e+04, refined 1.45e+04, target 3.28e-02, 1 iter
 231   1.1415625e+05   1.1415606e+05  3.23e-03  3.06e-09  8.29e-02  5.80e+06
       2.11s (1550.59 ticks) for iteration (1.42s, 56927 Mflops for lin. solve)
Refinement - orig 3.44e+03, refined 3.44e+03, target 2.20e-02, 1 iter
 232   1.1415637e+05   1.1415625e+05  1.27e-02  7.05e-10  3.63e-02  1.32e+07
       2.14s (1550.75 ticks) for iteration (1.47s, 55106 Mflops for lin. solve)
Refinement - orig 1.37e+05, refined 1.37e+05, target 1.27e-02, 1 iter
 233   1.1415637e+05   1.1415627e+05  1.31e-02  6.39e-10  3.12e-02  1.56e+07
       2.09s (1550.76 ticks) for iteration (1.41s, 57575 Mflops for lin. solve)
Refinement - orig 4.38e+05, refined 4.38e+05, target 1.17e-02, 1 iter
 234   1.1415637e+05   1.1415630e+05  1.33e-02  6.16e-10  2.44e-02  2.04e+07
       2.19s (1550.77 ticks) for iteration (1.39s, 58196 Mflops for lin. solve)
Refinement - orig 1.00e+06, refined 1.00e+06, target 1.03e-02, 1 iter
 235   1.1415637e+05   1.1415633e+05  1.36e-02  5.76e-10  1.70e-02  2.96e+07
       2.08s (1550.80 ticks) for iteration (1.41s, 57575 Mflops for lin. solve)
Refinement - orig 4.62e+04, refined 4.62e+04, target 8.84e-03, 1 iter
 236   1.1415638e+05   1.1415637e+05  1.50e-02  4.19e-10  7.88e-03  6.39e+07
       2.20s (1539.45 ticks) for iteration (1.59s, 50784 Mflops for lin. solve)
Refinement - orig 1.70e+04, refined 1.70e+04, target 7.01e-03, 1 iter
 237   1.1415639e+05   1.1415639e+05  1.85e-02  1.95e-10  2.43e-03  1.97e+08
       2.06s (1539.54 ticks) for iteration (1.42s, 56927 Mflops for lin. solve)
Refinement - orig 5.33e+05, refined 5.33e+05, target 5.92e-03, 1 iter
 238   1.1415639e+05   1.1415639e+05  1.90e-02  1.42e-10  1.85e-03  2.41e+08
       1.95s (1539.57 ticks) for iteration (1.34s, 60231 Mflops for lin. solve)
Refinement - orig 5.84e+04, refined 5.84e+04, target 5.82e-03, 1 iter
 239   1.1415640e+05   1.1415640e+05  2.37e-02  3.77e-11  3.76e-04  1.04e+09
Barrier time = 541.31 sec. (378392.49 ticks)
Parallel mode: opportunistic, using up to 12 threads for concurrent optimization:
 * Starting dual Simplex on 1 thread...
 * Starting primal Simplex on 1 thread...

Dual simplex solved model.

Elapsed time = 559.31 sec. (392165.25 ticks, 3 iterations)
Iteration:     3   Dual objective     =        114156.400842
Total crossover time = 16.51 sec. (12915.41 ticks)

Total time on 12 threads = 559.70 sec. (392324.52 ticks)
CPLEX Warning  1033: Detected 100.00% (1) suspicious condition number(s) >= 1e+07.

LP - Optimal:  Objective = 1.1415640084e+05
Solution time = 563.36 sec.  Iterations = 242

Max. unscaled (scaled) bound infeas.        = 2.10321E-11 (2.10321E-11)
Max. unscaled (scaled) reduced-cost infeas. = 2.77941E-08 (2.77941E-08)
Max. unscaled (scaled) Ax-b resid.          = 6.62226E-12 (6.62226E-12)
Max. unscaled (scaled) c-B'pi resid.        = 7.08667E-10 (7.08667E-10)
Max. unscaled (scaled) |x|                  = 9.41341E+03 (9.41341E+03)
Max. unscaled (scaled) |slack|              = 9.41341E+02 (9.41341E+02)
Max. unscaled (scaled) |pi|                 = 1.58848E+04 (1.58848E+04)
Max. unscaled (scaled) |red-cost|           = 3.82824E+04 (3.82824E+04)
Condition number of scaled basis ('kappa')  = 6.11E+09
Postsolve: some variables were outside their bounds. Set the option 'Postsolve continuous variables' equal to
'Round to nearest bound and resolve LP', and rerun the model to get a feasible solution with all variables inside their bounds.
